<?xml version="1.0" encoding="UTF-8"?>
<testng-results ignored="0" total="1" passed="0" failed="0" skipped="1">
  <reporter-output>
  </reporter-output>
  <suite started-at="2022-01-13T19:47:46 GMT-05:00" name="Default suite" finished-at="2022-01-13T19:47:49 GMT-05:00" duration-ms="3192">
    <groups>
      <group name="cucumber">
        <method signature="AbstractTestNGCucumberTests.feature(cucumber.api.testng.CucumberFeatureWrapper)[pri:0, instance:com.TestRunner.TestRunner@65466a6a]" name="feature" class="cucumber.api.testng.AbstractTestNGCucumberTests"/>
      </group> <!-- cucumber -->
    </groups>
    <test started-at="2022-01-13T19:47:46 GMT-05:00" name="Default test" finished-at="2022-01-13T19:47:49 GMT-05:00" duration-ms="3192">
      <class name="com.TestRunner.TestRunner">
        <test-method is-config="true" signature="launchURL()[pri:0, instance:com.TestRunner.TestRunner@65466a6a]" started-at="2022-01-13T19:47:46 GMT-05:00" name="launchURL" finished-at="2022-01-13T19:47:49 GMT-05:00" duration-ms="2916" status="FAIL">
          <exception class="org.openqa.selenium.SessionNotCreatedException">
            <message>
              <![CDATA[session not created: This version of ChromeDriver only supports Chrome version 95
Current browser version is 97.0.4692.71 with binary path /Applications/Google Chrome.app/Contents/MacOS/Google Chrome
Build info: version: '3.14.0', revision: 'aacccce0', time: '2018-08-02T20:19:58.91Z'
System info: host: 'Nusrats-MBP', ip: 'fe80:0:0:0:141d:82e7:dcf9:8513%en0', os.name: 'Mac OS X', os.arch: 'x86_64', os.version: '10.16', java.version: '15.0.2'
Driver info: driver.version: ChromeDriver
remote stacktrace: 0   chromedriver                        0x0000000104d81c99 __gxx_personality_v0 + 579209
1   chromedriver                        0x0000000104d0d5f3 __gxx_personality_v0 + 102371
2   chromedriver                        0x00000001048d3288 chromedriver + 172680
3   chromedriver                        0x00000001048f9882 chromedriver + 329858
4   chromedriver                        0x00000001048f5446 chromedriver + 312390
5   chromedriver                        0x00000001048f1b36 chromedriver + 297782
6   chromedriver                        0x000000010492b43d chromedriver + 533565
7   chromedriver                        0x0000000104925193 chromedriver + 508307
8   chromedriver                        0x00000001048fbb7e chromedriver + 338814
9   chromedriver                        0x00000001048fcea5 chromedriver + 343717
10  chromedriver                        0x0000000104d3d77f __gxx_personality_v0 + 299375
11  chromedriver                        0x0000000104d5468a __gxx_personality_v0 + 393338
12  chromedriver                        0x0000000104d5a8eb __gxx_personality_v0 + 418523
13  chromedriver                        0x0000000104d55a2a __gxx_personality_v0 + 398362
14  chromedriver                        0x0000000104d3234c __gxx_personality_v0 + 253244
15  chromedriver                        0x0000000104d71c48 __gxx_personality_v0 + 513592
16  chromedriver                        0x0000000104d71dd1 __gxx_personality_v0 + 513985
17  chromedriver                        0x0000000104d890c8 __gxx_personality_v0 + 608952
18  libsystem_pthread.dylib             0x00007ff8013904f4 _pthread_start + 125
19  libsystem_pthread.dylib             0x00007ff80138c00f thread_start + 15
]]>
            </message>
            <full-stacktrace>
              <![CDATA[org.openqa.selenium.SessionNotCreatedException: session not created: This version of ChromeDriver only supports Chrome version 95
Current browser version is 97.0.4692.71 with binary path /Applications/Google Chrome.app/Contents/MacOS/Google Chrome
Build info: version: '3.14.0', revision: 'aacccce0', time: '2018-08-02T20:19:58.91Z'
System info: host: 'Nusrats-MBP', ip: 'fe80:0:0:0:141d:82e7:dcf9:8513%en0', os.name: 'Mac OS X', os.arch: 'x86_64', os.version: '10.16', java.version: '15.0.2'
Driver info: driver.version: ChromeDriver
remote stacktrace: 0   chromedriver                        0x0000000104d81c99 __gxx_personality_v0 + 579209
1   chromedriver                        0x0000000104d0d5f3 __gxx_personality_v0 + 102371
2   chromedriver                        0x00000001048d3288 chromedriver + 172680
3   chromedriver                        0x00000001048f9882 chromedriver + 329858
4   chromedriver                        0x00000001048f5446 chromedriver + 312390
5   chromedriver                        0x00000001048f1b36 chromedriver + 297782
6   chromedriver                        0x000000010492b43d chromedriver + 533565
7   chromedriver                        0x0000000104925193 chromedriver + 508307
8   chromedriver                        0x00000001048fbb7e chromedriver + 338814
9   chromedriver                        0x00000001048fcea5 chromedriver + 343717
10  chromedriver                        0x0000000104d3d77f __gxx_personality_v0 + 299375
11  chromedriver                        0x0000000104d5468a __gxx_personality_v0 + 393338
12  chromedriver                        0x0000000104d5a8eb __gxx_personality_v0 + 418523
13  chromedriver                        0x0000000104d55a2a __gxx_personality_v0 + 398362
14  chromedriver                        0x0000000104d3234c __gxx_personality_v0 + 253244
15  chromedriver                        0x0000000104d71c48 __gxx_personality_v0 + 513592
16  chromedriver                        0x0000000104d71dd1 __gxx_personality_v0 + 513985
17  chromedriver                        0x0000000104d890c8 __gxx_personality_v0 + 608952
18  libsystem_pthread.dylib             0x00007ff8013904f4 _pthread_start + 125
19  libsystem_pthread.dylib             0x00007ff80138c00f thread_start + 15

at java.base/jdk.internal.reflect.NativeConstructorAccessorImpl.newInstance0(Native Method)
at java.base/jdk.internal.reflect.NativeConstructorAccessorImpl.newInstance(NativeConstructorAccessorImpl.java:64)
at java.base/jdk.internal.reflect.DelegatingConstructorAccessorImpl.newInstance(DelegatingConstructorAccessorImpl.java:45)
at java.base/java.lang.reflect.Constructor.newInstanceWithCaller(Constructor.java:500)
at java.base/java.lang.reflect.Constructor.newInstance(Constructor.java:481)
at org.openqa.selenium.remote.W3CHandshakeResponse.lambda$new$0(W3CHandshakeResponse.java:57)
at org.openqa.selenium.remote.W3CHandshakeResponse.lambda$getResponseFunction$2(W3CHandshakeResponse.java:104)
at org.openqa.selenium.remote.ProtocolHandshake.lambda$createSession$0(ProtocolHandshake.java:122)
at java.base/java.util.stream.ReferencePipeline$3$1.accept(ReferencePipeline.java:195)
at java.base/java.util.Spliterators$ArraySpliterator.tryAdvance(Spliterators.java:958)
at java.base/java.util.stream.ReferencePipeline.forEachWithCancel(ReferencePipeline.java:127)
at java.base/java.util.stream.AbstractPipeline.copyIntoWithCancel(AbstractPipeline.java:502)
at java.base/java.util.stream.AbstractPipeline.copyInto(AbstractPipeline.java:488)
at java.base/java.util.stream.AbstractPipeline.wrapAndCopyInto(AbstractPipeline.java:474)
at java.base/java.util.stream.FindOps$FindOp.evaluateSequential(FindOps.java:150)
at java.base/java.util.stream.AbstractPipeline.evaluate(AbstractPipeline.java:234)
at java.base/java.util.stream.ReferencePipeline.findFirst(ReferencePipeline.java:543)
at org.openqa.selenium.remote.ProtocolHandshake.createSession(ProtocolHandshake.java:125)
at org.openqa.selenium.remote.ProtocolHandshake.createSession(ProtocolHandshake.java:73)
at org.openqa.selenium.remote.HttpCommandExecutor.execute(HttpCommandExecutor.java:136)
at org.openqa.selenium.remote.service.DriverCommandExecutor.execute(DriverCommandExecutor.java:83)
at org.openqa.selenium.remote.RemoteWebDriver.execute(RemoteWebDriver.java:548)
at org.openqa.selenium.remote.RemoteWebDriver.startSession(RemoteWebDriver.java:212)
at org.openqa.selenium.remote.RemoteWebDriver.<init>(RemoteWebDriver.java:130)
at org.openqa.selenium.chrome.ChromeDriver.<init>(ChromeDriver.java:181)
at org.openqa.selenium.chrome.ChromeDriver.<init>(ChromeDriver.java:168)
at org.openqa.selenium.chrome.ChromeDriver.<init>(ChromeDriver.java:123)
at com.Utility.Parent_BaseClass.browserinitial(Parent_BaseClass.java:47)
at com.TestRunner.TestRunner.launchURL(TestRunner.java:22)
at java.base/jdk.internal.reflect.NativeMethodAccessorImpl.invoke0(Native Method)
at java.base/jdk.internal.reflect.NativeMethodAccessorImpl.invoke(NativeMethodAccessorImpl.java:64)
at java.base/jdk.internal.reflect.DelegatingMethodAccessorImpl.invoke(DelegatingMethodAccessorImpl.java:43)
at java.base/java.lang.reflect.Method.invoke(Method.java:564)
at org.testng.internal.MethodInvocationHelper.invokeMethod(MethodInvocationHelper.java:132)
at org.testng.internal.MethodInvocationHelper.invokeMethodConsideringTimeout(MethodInvocationHelper.java:61)
at org.testng.internal.ConfigInvoker.invokeConfigurationMethod(ConfigInvoker.java:366)
at org.testng.internal.ConfigInvoker.invokeConfigurations(ConfigInvoker.java:320)
at org.testng.TestRunner.invokeTestConfigurations(TestRunner.java:617)
at org.testng.TestRunner.beforeRun(TestRunner.java:607)
at org.testng.TestRunner.run(TestRunner.java:578)
at org.testng.SuiteRunner.runTest(SuiteRunner.java:384)
at org.testng.SuiteRunner.runSequentially(SuiteRunner.java:378)
at org.testng.SuiteRunner.privateRun(SuiteRunner.java:337)
at org.testng.SuiteRunner.run(SuiteRunner.java:286)
at org.testng.SuiteRunnerWorker.runSuite(SuiteRunnerWorker.java:53)
at org.testng.SuiteRunnerWorker.run(SuiteRunnerWorker.java:96)
at org.testng.TestNG.runSuitesSequentially(TestNG.java:1218)
at org.testng.TestNG.runSuitesLocally(TestNG.java:1140)
at org.testng.TestNG.runSuites(TestNG.java:1069)
at org.testng.TestNG.run(TestNG.java:1037)
at org.testng.remote.AbstractRemoteTestNG.run(AbstractRemoteTestNG.java:115)
at org.testng.remote.RemoteTestNG.initAndRun(RemoteTestNG.java:251)
at org.testng.remote.RemoteTestNG.main(RemoteTestNG.java:77)
]]>
            </full-stacktrace>
          </exception> <!-- org.openqa.selenium.SessionNotCreatedException -->
          <reporter-output>
          </reporter-output>
        </test-method> <!-- launchURL -->
        <test-method is-config="true" signature="setUpClass()[pri:0, instance:com.TestRunner.TestRunner@65466a6a]" started-at="2022-01-13T19:47:49 GMT-05:00" name="setUpClass" finished-at="2022-01-13T19:47:49 GMT-05:00" duration-ms="155" status="PASS">
          <reporter-output>
          </reporter-output>
        </test-method> <!-- setUpClass -->
        <test-method signature="feature(cucumber.api.testng.CucumberFeatureWrapper)[pri:0, instance:com.TestRunner.TestRunner@65466a6a]" started-at="2022-01-13T19:47:49 GMT-05:00" name="feature" description="Runs Cucumber Feature" data-provider="features" finished-at="2022-01-13T19:47:49 GMT-05:00" duration-ms="0" status="SKIP">
          <params>
            <param index="0">
              <value>
                <![CDATA[health and wellness]]>
              </value>
            </param>
          </params>
          <exception class="org.openqa.selenium.SessionNotCreatedException">
            <message>
              <![CDATA[session not created: This version of ChromeDriver only supports Chrome version 95
Current browser version is 97.0.4692.71 with binary path /Applications/Google Chrome.app/Contents/MacOS/Google Chrome
Build info: version: '3.14.0', revision: 'aacccce0', time: '2018-08-02T20:19:58.91Z'
System info: host: 'Nusrats-MBP', ip: 'fe80:0:0:0:141d:82e7:dcf9:8513%en0', os.name: 'Mac OS X', os.arch: 'x86_64', os.version: '10.16', java.version: '15.0.2'
Driver info: driver.version: ChromeDriver
remote stacktrace: 0   chromedriver                        0x0000000104d81c99 __gxx_personality_v0 + 579209
1   chromedriver                        0x0000000104d0d5f3 __gxx_personality_v0 + 102371
2   chromedriver                        0x00000001048d3288 chromedriver + 172680
3   chromedriver                        0x00000001048f9882 chromedriver + 329858
4   chromedriver                        0x00000001048f5446 chromedriver + 312390
5   chromedriver                        0x00000001048f1b36 chromedriver + 297782
6   chromedriver                        0x000000010492b43d chromedriver + 533565
7   chromedriver                        0x0000000104925193 chromedriver + 508307
8   chromedriver                        0x00000001048fbb7e chromedriver + 338814
9   chromedriver                        0x00000001048fcea5 chromedriver + 343717
10  chromedriver                        0x0000000104d3d77f __gxx_personality_v0 + 299375
11  chromedriver                        0x0000000104d5468a __gxx_personality_v0 + 393338
12  chromedriver                        0x0000000104d5a8eb __gxx_personality_v0 + 418523
13  chromedriver                        0x0000000104d55a2a __gxx_personality_v0 + 398362
14  chromedriver                        0x0000000104d3234c __gxx_personality_v0 + 253244
15  chromedriver                        0x0000000104d71c48 __gxx_personality_v0 + 513592
16  chromedriver                        0x0000000104d71dd1 __gxx_personality_v0 + 513985
17  chromedriver                        0x0000000104d890c8 __gxx_personality_v0 + 608952
18  libsystem_pthread.dylib             0x00007ff8013904f4 _pthread_start + 125
19  libsystem_pthread.dylib             0x00007ff80138c00f thread_start + 15
]]>
            </message>
            <full-stacktrace>
              <![CDATA[org.openqa.selenium.SessionNotCreatedException: session not created: This version of ChromeDriver only supports Chrome version 95
Current browser version is 97.0.4692.71 with binary path /Applications/Google Chrome.app/Contents/MacOS/Google Chrome
Build info: version: '3.14.0', revision: 'aacccce0', time: '2018-08-02T20:19:58.91Z'
System info: host: 'Nusrats-MBP', ip: 'fe80:0:0:0:141d:82e7:dcf9:8513%en0', os.name: 'Mac OS X', os.arch: 'x86_64', os.version: '10.16', java.version: '15.0.2'
Driver info: driver.version: ChromeDriver
remote stacktrace: 0   chromedriver                        0x0000000104d81c99 __gxx_personality_v0 + 579209
1   chromedriver                        0x0000000104d0d5f3 __gxx_personality_v0 + 102371
2   chromedriver                        0x00000001048d3288 chromedriver + 172680
3   chromedriver                        0x00000001048f9882 chromedriver + 329858
4   chromedriver                        0x00000001048f5446 chromedriver + 312390
5   chromedriver                        0x00000001048f1b36 chromedriver + 297782
6   chromedriver                        0x000000010492b43d chromedriver + 533565
7   chromedriver                        0x0000000104925193 chromedriver + 508307
8   chromedriver                        0x00000001048fbb7e chromedriver + 338814
9   chromedriver                        0x00000001048fcea5 chromedriver + 343717
10  chromedriver                        0x0000000104d3d77f __gxx_personality_v0 + 299375
11  chromedriver                        0x0000000104d5468a __gxx_personality_v0 + 393338
12  chromedriver                        0x0000000104d5a8eb __gxx_personality_v0 + 418523
13  chromedriver                        0x0000000104d55a2a __gxx_personality_v0 + 398362
14  chromedriver                        0x0000000104d3234c __gxx_personality_v0 + 253244
15  chromedriver                        0x0000000104d71c48 __gxx_personality_v0 + 513592
16  chromedriver                        0x0000000104d71dd1 __gxx_personality_v0 + 513985
17  chromedriver                        0x0000000104d890c8 __gxx_personality_v0 + 608952
18  libsystem_pthread.dylib             0x00007ff8013904f4 _pthread_start + 125
19  libsystem_pthread.dylib             0x00007ff80138c00f thread_start + 15

at java.base/jdk.internal.reflect.NativeConstructorAccessorImpl.newInstance0(Native Method)
at java.base/jdk.internal.reflect.NativeConstructorAccessorImpl.newInstance(NativeConstructorAccessorImpl.java:64)
at java.base/jdk.internal.reflect.DelegatingConstructorAccessorImpl.newInstance(DelegatingConstructorAccessorImpl.java:45)
at java.base/java.lang.reflect.Constructor.newInstanceWithCaller(Constructor.java:500)
at java.base/java.lang.reflect.Constructor.newInstance(Constructor.java:481)
at org.openqa.selenium.remote.W3CHandshakeResponse.lambda$new$0(W3CHandshakeResponse.java:57)
at org.openqa.selenium.remote.W3CHandshakeResponse.lambda$getResponseFunction$2(W3CHandshakeResponse.java:104)
at org.openqa.selenium.remote.ProtocolHandshake.lambda$createSession$0(ProtocolHandshake.java:122)
at java.base/java.util.stream.ReferencePipeline$3$1.accept(ReferencePipeline.java:195)
at java.base/java.util.Spliterators$ArraySpliterator.tryAdvance(Spliterators.java:958)
at java.base/java.util.stream.ReferencePipeline.forEachWithCancel(ReferencePipeline.java:127)
at java.base/java.util.stream.AbstractPipeline.copyIntoWithCancel(AbstractPipeline.java:502)
at java.base/java.util.stream.AbstractPipeline.copyInto(AbstractPipeline.java:488)
at java.base/java.util.stream.AbstractPipeline.wrapAndCopyInto(AbstractPipeline.java:474)
at java.base/java.util.stream.FindOps$FindOp.evaluateSequential(FindOps.java:150)
at java.base/java.util.stream.AbstractPipeline.evaluate(AbstractPipeline.java:234)
at java.base/java.util.stream.ReferencePipeline.findFirst(ReferencePipeline.java:543)
at org.openqa.selenium.remote.ProtocolHandshake.createSession(ProtocolHandshake.java:125)
at org.openqa.selenium.remote.ProtocolHandshake.createSession(ProtocolHandshake.java:73)
at org.openqa.selenium.remote.HttpCommandExecutor.execute(HttpCommandExecutor.java:136)
at org.openqa.selenium.remote.service.DriverCommandExecutor.execute(DriverCommandExecutor.java:83)
at org.openqa.selenium.remote.RemoteWebDriver.execute(RemoteWebDriver.java:548)
at org.openqa.selenium.remote.RemoteWebDriver.startSession(RemoteWebDriver.java:212)
at org.openqa.selenium.remote.RemoteWebDriver.<init>(RemoteWebDriver.java:130)
at org.openqa.selenium.chrome.ChromeDriver.<init>(ChromeDriver.java:181)
at org.openqa.selenium.chrome.ChromeDriver.<init>(ChromeDriver.java:168)
at org.openqa.selenium.chrome.ChromeDriver.<init>(ChromeDriver.java:123)
at com.Utility.Parent_BaseClass.browserinitial(Parent_BaseClass.java:47)
at com.TestRunner.TestRunner.launchURL(TestRunner.java:22)
at java.base/jdk.internal.reflect.NativeMethodAccessorImpl.invoke0(Native Method)
at java.base/jdk.internal.reflect.NativeMethodAccessorImpl.invoke(NativeMethodAccessorImpl.java:64)
at java.base/jdk.internal.reflect.DelegatingMethodAccessorImpl.invoke(DelegatingMethodAccessorImpl.java:43)
at java.base/java.lang.reflect.Method.invoke(Method.java:564)
at org.testng.internal.MethodInvocationHelper.invokeMethod(MethodInvocationHelper.java:132)
at org.testng.internal.MethodInvocationHelper.invokeMethodConsideringTimeout(MethodInvocationHelper.java:61)
at org.testng.internal.ConfigInvoker.invokeConfigurationMethod(ConfigInvoker.java:366)
at org.testng.internal.ConfigInvoker.invokeConfigurations(ConfigInvoker.java:320)
at org.testng.TestRunner.invokeTestConfigurations(TestRunner.java:617)
at org.testng.TestRunner.beforeRun(TestRunner.java:607)
at org.testng.TestRunner.run(TestRunner.java:578)
at org.testng.SuiteRunner.runTest(SuiteRunner.java:384)
at org.testng.SuiteRunner.runSequentially(SuiteRunner.java:378)
at org.testng.SuiteRunner.privateRun(SuiteRunner.java:337)
at org.testng.SuiteRunner.run(SuiteRunner.java:286)
at org.testng.SuiteRunnerWorker.runSuite(SuiteRunnerWorker.java:53)
at org.testng.SuiteRunnerWorker.run(SuiteRunnerWorker.java:96)
at org.testng.TestNG.runSuitesSequentially(TestNG.java:1218)
at org.testng.TestNG.runSuitesLocally(TestNG.java:1140)
at org.testng.TestNG.runSuites(TestNG.java:1069)
at org.testng.TestNG.run(TestNG.java:1037)
at org.testng.remote.AbstractRemoteTestNG.run(AbstractRemoteTestNG.java:115)
at org.testng.remote.RemoteTestNG.initAndRun(RemoteTestNG.java:251)
at org.testng.remote.RemoteTestNG.main(RemoteTestNG.java:77)
]]>
            </full-stacktrace>
          </exception> <!-- org.openqa.selenium.SessionNotCreatedException -->
          <reporter-output>
          </reporter-output>
        </test-method> <!-- feature -->
        <test-method is-config="true" signature="tearDownClass()[pri:0, instance:com.TestRunner.TestRunner@65466a6a]" started-at="2022-01-13T19:47:49 GMT-05:00" name="tearDownClass" finished-at="2022-01-13T19:47:49 GMT-05:00" duration-ms="12" status="PASS">
          <reporter-output>
          </reporter-output>
        </test-method> <!-- tearDownClass -->
        <test-method is-config="true" signature="closeURL()[pri:0, instance:com.TestRunner.TestRunner@65466a6a]" started-at="2022-01-13T19:47:49 GMT-05:00" name="closeURL" finished-at="1969-12-31T19:00:00 GMT-05:00" duration-ms="-1642121269964" status="SKIP">
          <reporter-output>
          </reporter-output>
        </test-method> <!-- closeURL -->
      </class> <!-- com.TestRunner.TestRunner -->
    </test> <!-- Default test -->
  </suite> <!-- Default suite -->
</testng-results>
